<?xml version="1.0" encoding="UTF-8"?>
<!-- Generated by org.testng.reporters.JUnitXMLReporter -->
<testsuite ignored="0" hostname="DESKTOP-2S5B2IC" failures="1" tests="2" name="Test" time="441.858" errors="0" timestamp="2023-06-02T16:47:34 IST">
  <testcase classname="testcases.AMR.BR" name="BRAZIL_AGREEMENT" time="225.384">
    <skipped/>
  </testcase> <!-- BRAZIL_AGREEMENT -->
  <testcase classname="testcases.AMR.BR" name="BRAZIL_AGREEMENT" time="214.859">
    <failure type="org.openqa.selenium.InvalidSelectorException" message="invalid selector: Unable to locate an element with the xpath expression //button[@data-action=&amp;apos;/on/demandware.store/Sites-marykayintouch-br-Site/pt_BR/Checkout-SubmitBonuses&amp;apos;]] because of the following error:
SyntaxError: Failed to execute &amp;apos;evaluate&amp;apos; on &amp;apos;Document&amp;apos;: The string &amp;apos;//button[@data-action=&amp;apos;/on/demandware.store/Sites-marykayintouch-br-Site/pt_BR/Checkout-SubmitBonuses&amp;apos;]]&amp;apos; is not a valid XPath expression.
  (Session info: chrome=113.0.5672.127)
For documentation on this error, please visit: https://selenium.dev/exceptions/#invalid_selector_exception
Build info: version: &amp;apos;4.8.3&amp;apos;, revision: &amp;apos;e5e76298c3&amp;apos;
System info: os.name: &amp;apos;Windows 11&amp;apos;, os.arch: &amp;apos;amd64&amp;apos;, os.version: &amp;apos;10.0&amp;apos;, java.version: &amp;apos;20&amp;apos;
Driver info: org.openqa.selenium.chrome.ChromeDriver
Command: [6fa4ffc0fab60ae725d62c03b24f0356, findElement {using=xpath, value=//button[@data-action=&amp;apos;/on/demandware.store/Sites-marykayintouch-br-Site/pt_BR/Checkout-SubmitBonuses&amp;apos;]]}]
Capabilities {acceptInsecureCerts: false, browserName: chrome, browserVersion: 113.0.5672.127, chrome: {chromedriverVersion: 113.0.5672.63 (0e1a4471d5ae..., userDataDir: C:\Users\CLOUDA~1\AppData\L...}, goog:chromeOptions: {debuggerAddress: localhost:60002}, networkConnectionEnabled: false, pageLoadStrategy: normal, platformName: WINDOWS, proxy: Proxy(), se:cdp: ws://localhost:60002/devtoo..., se:cdpVersion: 113.0.5672.127, setWindowRect: true, strictFileInteractability: false, timeouts: {implicit: 0, pageLoad: 300000, script: 30000}, unhandledPromptBehavior: dismiss and notify, webauthn:extension:credBlob: true, webauthn:extension:largeBlob: true, webauthn:extension:minPinLength: true, webauthn:extension:prf: true, webauthn:virtualAuthenticators: true}
Session ID: 6fa4ffc0fab60ae725d62c03b24f0356">
      <![CDATA[org.openqa.selenium.InvalidSelectorException: invalid selector: Unable to locate an element with the xpath expression //button[@data-action='/on/demandware.store/Sites-marykayintouch-br-Site/pt_BR/Checkout-SubmitBonuses']] because of the following error:
SyntaxError: Failed to execute 'evaluate' on 'Document': The string '//button[@data-action='/on/demandware.store/Sites-marykayintouch-br-Site/pt_BR/Checkout-SubmitBonuses']]' is not a valid XPath expression.
  (Session info: chrome=113.0.5672.127)
For documentation on this error, please visit: https://selenium.dev/exceptions/#invalid_selector_exception
Build info: version: '4.8.3', revision: 'e5e76298c3'
System info: os.name: 'Windows 11', os.arch: 'amd64', os.version: '10.0', java.version: '20'
Driver info: org.openqa.selenium.chrome.ChromeDriver
Command: [6fa4ffc0fab60ae725d62c03b24f0356, findElement {using=xpath, value=//button[@data-action='/on/demandware.store/Sites-marykayintouch-br-Site/pt_BR/Checkout-SubmitBonuses']]}]
Capabilities {acceptInsecureCerts: false, browserName: chrome, browserVersion: 113.0.5672.127, chrome: {chromedriverVersion: 113.0.5672.63 (0e1a4471d5ae..., userDataDir: C:\Users\CLOUDA~1\AppData\L...}, goog:chromeOptions: {debuggerAddress: localhost:60002}, networkConnectionEnabled: false, pageLoadStrategy: normal, platformName: WINDOWS, proxy: Proxy(), se:cdp: ws://localhost:60002/devtoo..., se:cdpVersion: 113.0.5672.127, setWindowRect: true, strictFileInteractability: false, timeouts: {implicit: 0, pageLoad: 300000, script: 30000}, unhandledPromptBehavior: dismiss and notify, webauthn:extension:credBlob: true, webauthn:extension:largeBlob: true, webauthn:extension:minPinLength: true, webauthn:extension:prf: true, webauthn:virtualAuthenticators: true}
Session ID: 6fa4ffc0fab60ae725d62c03b24f0356
at org.openqa.selenium.remote.codec.w3c.W3CHttpResponseCodec.createException(W3CHttpResponseCodec.java:200)
at org.openqa.selenium.remote.codec.w3c.W3CHttpResponseCodec.decode(W3CHttpResponseCodec.java:133)
at org.openqa.selenium.remote.codec.w3c.W3CHttpResponseCodec.decode(W3CHttpResponseCodec.java:53)
at org.openqa.selenium.remote.HttpCommandExecutor.execute(HttpCommandExecutor.java:193)
at org.openqa.selenium.remote.service.DriverCommandExecutor.invokeExecute(DriverCommandExecutor.java:183)
at org.openqa.selenium.remote.service.DriverCommandExecutor.execute(DriverCommandExecutor.java:158)
at org.openqa.selenium.remote.RemoteWebDriver.execute(RemoteWebDriver.java:543)
at org.openqa.selenium.remote.ElementLocation$ElementFinder$2.findElement(ElementLocation.java:162)
at org.openqa.selenium.remote.ElementLocation.findElement(ElementLocation.java:60)
at org.openqa.selenium.remote.RemoteWebDriver.findElement(RemoteWebDriver.java:352)
at org.openqa.selenium.remote.RemoteWebDriver.findElement(RemoteWebDriver.java:344)
at testcases.AMR.BR.BRAZIL_AGREEMENT(BR.java:239)
at java.base/java.util.ArrayList.forEach(ArrayList.java:1511)
... Removed 28 stack frames]]>
    </failure>
  </testcase> <!-- BRAZIL_AGREEMENT -->
</testsuite> <!-- Test -->
