<?xml version="1.0" encoding="ISO-8859-1" ?>
<!DOCTYPE html PUBLIC "-//W3C//DTD XHTML 1.0 Strict//EN"
"http://www.w3.org/TR/xhtml1/DTD/xhtml1-strict.dtd">
<html xmlns="http://www.w3.org/1999/xhtml" xml:lang="en" lang="en">
<head>
  <meta http-equiv="Content-Type" content="text/html;charset=utf-8" />
  <meta name="description" content="TestNG unit test results." />
  <link href="css/bootstrap.min.css" rel="stylesheet" />
  <link href="css/reportngClass.css" rel="stylesheet" />
  <script type="text/javascript" src="js/reportngClass.js"></script>
  <script type="text/javascript" src="js/jquery-1.4.4.min.js"></script> 
  <script type="text/javascript" src="js/jquery.tablesorter.min.js"></script>
  <script type="text/javascript" src="js/json-min.js"></script>
  <script type="text/javascript">
	$(document).ready(function(){
		$('.tablesorter').tablesorter({sortList: [[0,0]]});
	});
  </script>
</head>
<body onload="doParse(); return false;" onkeypress="collapseExpand();">
<div class="well well-large">
	<b>Test Info</>
	<table class="table">
	  <tr>
	    <th>Test Name : </th>
	    <th>
	    	<div class="tooltipCustom">
	    		<img src="images/copy.png" width="10" height="15" alt="Copy to Clipboard" onclick="copyToClipboard('#testNameId')"/>
	    		<span class="tooltiptextCustom">Copy Test name</span>
			</div>
	    </th>
	    <th id="testNameId">FUnctional Testing</th> 
	  </tr>
	  <tr>
	    <th>Test Class : </th>
	    <th>
	    	<div class="tooltipCustom">
	    		<img src="images/copy.png" width="10" height="15" alt="Copy to Clipboard" onclick="copyToClipboard('#testClassId')"/>
	    		<span class="tooltiptextCustom">Copy full path Class name</span>
			</div>
	    	<div class="tooltipCustom">
	    		<img src="images/copy.png" width="10" height="15" alt="Copy to Clipboard" onclick="copyToClipboard('#testClassNameId')"/>
	    		<span class="tooltiptextCustom">Copy Class name</span>
			</div>
	    </th> 
	    <th id="testClassId">testcases.US</th>
	    <th id="testClassNameId" hidden="true">US</th>
	  </tr>
	  <tr>
	    <th>Suite Name : </th>
	    <th>
	    	<div class="tooltipCustom">
	    		<img src="images/copy.png" width="10" height="15" alt="Copy to Clipboard" onclick="copyToClipboard('#suiteNameId')"/>
	    		<span class="tooltiptextCustom">Copy Suite name</span>
			</div>
		</th>
	    <th id="suiteNameId">Regreesion Suite</th>
	  </tr>
	  <tr>
	    <th>Suite XML : </th>
	    <th>
	    	<div class="tooltipCustom">
	    		<img src="images/copy.png" width="10" height="15" alt="Copy to Clipboard" onclick="copyToClipboard('#suiteXMLId')"/>
	    		<span class="tooltiptextCustom">Copy Suite full path name</span>
			</div>
	    	<div class="tooltipCustom">
	    		<img src="images/copy.png" width="10" height="15" alt="Copy to Clipboard" onclick="copyToClipboard('#suiteXMLNameId')"/>
	    		<span class="tooltiptextCustom">Copy Suite file name</span>
			</div>
	    </th> 
	  	<th id="suiteXMLId">C:\PROJECTS\MaryKay\testrunner\US.xml</th>
	  	<th id="suiteXMLNameId" hidden="true">US.xml</th>
	  </tr>
	  	  <tr>
	    <th>Total Time : </th>
	    <th></th>
	    <th>00:09:26</th> 
	  </tr>
	  <tr>
	    <th>Total Steps : </th>
	   	<th></th>
	    <th>1</th> 
	  </tr>
	  <tr>
	    <th>Status : </th>
	    <th></th>
	    <th><font color="red">FAIL</font></th> 
	  </tr>
	</table>
</div>
<div class="well well-large">
	<div class="row">
		<div class="col-xs-12">
	        <div class="text-right">
	            <button id="hideResults" type="button" class="btn-danger" onclick="collapseExpand(this);" onkeypress="collapseExpand(this);" class="btn pull-right" title="Click or Press Any key to collapse/expand All Failed Tests and Configuration Methods">Show Only Failures</button>
	        </div>
	    </div>
	</div>
	<table class="tablesorter" border="1">
		<thead>
		<tr>
		<th class="headerTime">Time</th>
		<th class="headerTime" width="12%">Info</th>
		<th class="headerTime" width="88%">Test</th>
		</tr>
		</thead>
		<tbody>
		
				
				
												
											<tr>
	<td class="time">1685020767102</td>
	<td class="header failed" colspan="4" onClick="toggleElement('bfe2bf1b-e295-4bf6-a7f4-4510ab134d7b','block');changeSingleIcon('span-bfe2bf1b-e295-4bf6-a7f4-4510ab134d7b');" title="Click to expand/collapse" style="cursor: pointer;">
	<div style="float:left;"><i>Class&nbsp;:&nbsp;</i>testcases.US</div>
	<div style="float:right;">@Test @ with DataProvider : [""] &nbsp;&nbsp;<span id='span-bfe2bf1b-e295-4bf6-a7f4-4510ab134d7b' class="glyphicon glyphicon-menu-down"></span></div>
	</td>
	</tr>
<tr>
	<td class="time">1685020767102</td>
	<td class="methodTest">
		<span class="description"><b>Method: </b>usAgreement</span><br>
			<span class="description"><b>Description: </b></span><br>
							<span class="duration"><b>Duration: </b>310.994s</span><br>
	</td>
	<td class="result">
						<div class="noCollapse" id="bfe2bf1b-e295-4bf6-a7f4-4510ab134d7b" style="display: block;">
												Method name is = usAgreement
												<a href=C:\PROJECTS\MaryKay/screenshot/May-25-18-54-38-IST-2023.png>Fail Test Results</a>
									<a href="javascript:toggleElement('exception-bfe2bf1b-e295-4bf6-a7f4-4510ab134d7b','block')" title="Click to expand/collapse"><b>org.openqa.selenium.TimeoutException: Expected condition failed: waiting for visibility of element located by By.xpath: //*[@class=&apos;order-number-msg&apos;] (tried for 100 second(s) with 500 milliseconds interval)<br/>
Build info: version: &apos;4.8.3&apos;, revision: &apos;e5e76298c3&apos;<br/>
System info: os.name: &apos;Windows 10&apos;, os.arch: &apos;amd64&apos;, os.version: &apos;10.0&apos;, java.version: &apos;20&apos;<br/>
Driver info: org.openqa.selenium.chrome.ChromeDriver<br/>
Capabilities {acceptInsecureCerts: false, browserName: chrome, browserVersion: 113.0.5672.127, chrome: {chromedriverVersion: 113.0.5672.63 (0e1a4471d5ae..., userDataDir: C:\Users\CLOUDA~1\AppData\L...}, goog:chromeOptions: {debuggerAddress: localhost:60821}, networkConnectionEnabled: false, pageLoadStrategy: normal, platformName: WINDOWS, proxy: Proxy(), se:cdp: ws://localhost:60821/devtoo..., se:cdpVersion: 113.0.5672.127, setWindowRect: true, strictFileInteractability: false, timeouts: {implicit: 0, pageLoad: 300000, script: 30000}, unhandledPromptBehavior: dismiss and notify, webauthn:extension:credBlob: true, webauthn:extension:largeBlob: true, webauthn:extension:minPinLength: true, webauthn:extension:prf: true, webauthn:virtualAuthenticators: true}<br/>
Session ID: ef9be69c4c91118c67d9726d2fd7e9e5</b></a><br/>
		<div class="stackTrace" id="exception-bfe2bf1b-e295-4bf6-a7f4-4510ab134d7b">
					org.openqa.selenium.support.ui.WebDriverWait.timeoutException(WebDriverWait.java:87)<br/>
					org.openqa.selenium.support.ui.FluentWait.until(FluentWait.java:231)<br/>
					testcases.US.usAgreement(US.java:185)<br/>
					java.base/jdk.internal.reflect.DirectMethodHandleAccessor.invoke(DirectMethodHandleAccessor.java:104)<br/>
					java.base/java.lang.reflect.Method.invoke(Method.java:578)<br/>
					org.testng.internal.MethodInvocationHelper.invokeMethod(MethodInvocationHelper.java:133)<br/>
					org.testng.internal.TestInvoker.invokeMethod(TestInvoker.java:598)<br/>
					org.testng.internal.TestInvoker.retryFailed(TestInvoker.java:213)<br/>
					org.testng.internal.MethodRunner.runInSequence(MethodRunner.java:58)<br/>
					org.testng.internal.TestInvoker$MethodInvocationAgent.invoke(TestInvoker.java:824)<br/>
					org.testng.internal.TestInvoker.invokeTestMethods(TestInvoker.java:146)<br/>
					org.testng.internal.TestMethodWorker.invokeTestMethods(TestMethodWorker.java:146)<br/>
					org.testng.internal.TestMethodWorker.run(TestMethodWorker.java:128)<br/>
					java.base/java.util.ArrayList.forEach(ArrayList.java:1511)<br/>
					org.testng.TestRunner.privateRun(TestRunner.java:794)<br/>
					org.testng.TestRunner.run(TestRunner.java:596)<br/>
					org.testng.SuiteRunner.runTest(SuiteRunner.java:377)<br/>
					org.testng.SuiteRunner.runSequentially(SuiteRunner.java:371)<br/>
					org.testng.SuiteRunner.privateRun(SuiteRunner.java:332)<br/>
					org.testng.SuiteRunner.run(SuiteRunner.java:276)<br/>
					org.testng.SuiteRunnerWorker.runSuite(SuiteRunnerWorker.java:53)<br/>
					org.testng.SuiteRunnerWorker.run(SuiteRunnerWorker.java:96)<br/>
					org.testng.TestNG.runSuitesSequentially(TestNG.java:1212)<br/>
					org.testng.TestNG.runSuitesLocally(TestNG.java:1134)<br/>
					org.testng.TestNG.runSuites(TestNG.java:1063)<br/>
					org.testng.TestNG.run(TestNG.java:1031)<br/>
					org.testng.remote.AbstractRemoteTestNG.run(AbstractRemoteTestNG.java:115)<br/>
					org.testng.remote.RemoteTestNG.initAndRun(RemoteTestNG.java:251)<br/>
					org.testng.remote.RemoteTestNG.main(RemoteTestNG.java:77)<br/>
						</div>
		</td>
	</div>
</tr>
						
											<tr>
	<td class="time">1685020512028</td>
	<td class="header skipped" colspan="4" onClick="toggleElement('992923b7-da96-45af-8cda-b70f2ab20869','block');changeSingleIcon('span-992923b7-da96-45af-8cda-b70f2ab20869');" title="Click to expand/collapse" style="cursor: pointer;">
	<div style="float:left;"><i>Class&nbsp;:&nbsp;</i>testcases.US</div>
	<div style="float:right;">@Test @ with DataProvider : [""] &nbsp;&nbsp;<span id='span-992923b7-da96-45af-8cda-b70f2ab20869' class="glyphicon glyphicon-menu-down"></span></div>
	</td>
	</tr>
<tr>
	<td class="time">1685020512028</td>
	<td class="methodTest">
		<span class="description"><b>Method: </b>usAgreement</span><br>
			<span class="description"><b>Description: </b></span><br>
							<span class="duration"><b>Duration: </b>253.940s</span><br>
	</td>
	<td class="result">
		 									<div class="stackTrace" id="992923b7-da96-45af-8cda-b70f2ab20869" style="display: block;">
												Method name is = usAgreement
									<a href="javascript:toggleElement('exception-992923b7-da96-45af-8cda-b70f2ab20869','block')" title="Click to expand/collapse"><b>org.openqa.selenium.NoSuchElementException: no such element: Unable to locate element: {&quot;method&quot;:&quot;xpath&quot;,&quot;selector&quot;:&quot;//div[@class=&apos;col-xs-2 maxWidth text-center vertical-middle flex-text-left&apos;]/span[@class=&apos;glyphicon glyphicon-share-alt zavriOkno zrcadli&apos;]&quot;}<br/>
&nbsp; (Session info: chrome=113.0.5672.127)<br/>
For documentation on this error, please visit: https://selenium.dev/exceptions/#no_such_element<br/>
Build info: version: &apos;4.8.3&apos;, revision: &apos;e5e76298c3&apos;<br/>
System info: os.name: &apos;Windows 10&apos;, os.arch: &apos;amd64&apos;, os.version: &apos;10.0&apos;, java.version: &apos;20&apos;<br/>
Driver info: org.openqa.selenium.chrome.ChromeDriver<br/>
Command: [4d971133c89c4995a4466ef2ae66e560, findElement {using=xpath, value=//div[@class=&apos;col-xs-2 maxWidth text-center vertical-middle flex-text-left&apos;]/span[@class=&apos;glyphicon glyphicon-share-alt zavriOkno zrcadli&apos;]}]<br/>
Capabilities {acceptInsecureCerts: false, browserName: chrome, browserVersion: 113.0.5672.127, chrome: {chromedriverVersion: 113.0.5672.63 (0e1a4471d5ae..., userDataDir: C:\Users\CLOUDA~1\AppData\L...}, goog:chromeOptions: {debuggerAddress: localhost:60316}, networkConnectionEnabled: false, pageLoadStrategy: normal, platformName: WINDOWS, proxy: Proxy(), se:cdp: ws://localhost:60316/devtoo..., se:cdpVersion: 113.0.5672.127, setWindowRect: true, strictFileInteractability: false, timeouts: {implicit: 0, pageLoad: 300000, script: 30000}, unhandledPromptBehavior: dismiss and notify, webauthn:extension:credBlob: true, webauthn:extension:largeBlob: true, webauthn:extension:minPinLength: true, webauthn:extension:prf: true, webauthn:virtualAuthenticators: true}<br/>
Session ID: 4d971133c89c4995a4466ef2ae66e560</b></a><br/>
		<div class="stackTrace" id="exception-992923b7-da96-45af-8cda-b70f2ab20869">
					java.base/jdk.internal.reflect.DirectConstructorHandleAccessor.newInstance(DirectConstructorHandleAccessor.java:67)<br/>
					java.base/java.lang.reflect.Constructor.newInstanceWithCaller(Constructor.java:500)<br/>
					java.base/java.lang.reflect.Constructor.newInstance(Constructor.java:484)<br/>
					org.openqa.selenium.remote.codec.w3c.W3CHttpResponseCodec.createException(W3CHttpResponseCodec.java:200)<br/>
					org.openqa.selenium.remote.codec.w3c.W3CHttpResponseCodec.decode(W3CHttpResponseCodec.java:133)<br/>
					org.openqa.selenium.remote.codec.w3c.W3CHttpResponseCodec.decode(W3CHttpResponseCodec.java:53)<br/>
					org.openqa.selenium.remote.HttpCommandExecutor.execute(HttpCommandExecutor.java:193)<br/>
					org.openqa.selenium.remote.service.DriverCommandExecutor.invokeExecute(DriverCommandExecutor.java:183)<br/>
					org.openqa.selenium.remote.service.DriverCommandExecutor.execute(DriverCommandExecutor.java:158)<br/>
					org.openqa.selenium.remote.RemoteWebDriver.execute(RemoteWebDriver.java:543)<br/>
					org.openqa.selenium.remote.ElementLocation$ElementFinder$2.findElement(ElementLocation.java:162)<br/>
					org.openqa.selenium.remote.ElementLocation.findElement(ElementLocation.java:60)<br/>
					org.openqa.selenium.remote.RemoteWebDriver.findElement(RemoteWebDriver.java:352)<br/>
					org.openqa.selenium.remote.RemoteWebDriver.findElement(RemoteWebDriver.java:344)<br/>
					testcases.US.usAgreement(US.java:194)<br/>
					java.base/jdk.internal.reflect.DirectMethodHandleAccessor.invoke(DirectMethodHandleAccessor.java:104)<br/>
					java.base/java.lang.reflect.Method.invoke(Method.java:578)<br/>
					org.testng.internal.MethodInvocationHelper.invokeMethod(MethodInvocationHelper.java:133)<br/>
					org.testng.internal.TestInvoker.invokeMethod(TestInvoker.java:598)<br/>
					org.testng.internal.TestInvoker.invokeTestMethod(TestInvoker.java:173)<br/>
					org.testng.internal.MethodRunner.runInSequence(MethodRunner.java:46)<br/>
					org.testng.internal.TestInvoker$MethodInvocationAgent.invoke(TestInvoker.java:824)<br/>
					org.testng.internal.TestInvoker.invokeTestMethods(TestInvoker.java:146)<br/>
					org.testng.internal.TestMethodWorker.invokeTestMethods(TestMethodWorker.java:146)<br/>
					org.testng.internal.TestMethodWorker.run(TestMethodWorker.java:128)<br/>
					java.base/java.util.ArrayList.forEach(ArrayList.java:1511)<br/>
					org.testng.TestRunner.privateRun(TestRunner.java:794)<br/>
					org.testng.TestRunner.run(TestRunner.java:596)<br/>
					org.testng.SuiteRunner.runTest(SuiteRunner.java:377)<br/>
					org.testng.SuiteRunner.runSequentially(SuiteRunner.java:371)<br/>
					org.testng.SuiteRunner.privateRun(SuiteRunner.java:332)<br/>
					org.testng.SuiteRunner.run(SuiteRunner.java:276)<br/>
					org.testng.SuiteRunnerWorker.runSuite(SuiteRunnerWorker.java:53)<br/>
					org.testng.SuiteRunnerWorker.run(SuiteRunnerWorker.java:96)<br/>
					org.testng.TestNG.runSuitesSequentially(TestNG.java:1212)<br/>
					org.testng.TestNG.runSuitesLocally(TestNG.java:1134)<br/>
					org.testng.TestNG.runSuites(TestNG.java:1063)<br/>
					org.testng.TestNG.run(TestNG.java:1031)<br/>
					org.testng.remote.AbstractRemoteTestNG.run(AbstractRemoteTestNG.java:115)<br/>
					org.testng.remote.RemoteTestNG.initAndRun(RemoteTestNG.java:251)<br/>
					org.testng.remote.RemoteTestNG.main(RemoteTestNG.java:77)<br/>
						</div>
		</td>
	</div>
</tr>
						
			  
	</tbody>
	</table>
</div>
</body>
</html>
